Arguments: 
  /usr/bin/node /usr/share/yarn/bin/yarn.js

PATH: 
  /home/admin1/.local/bin:/usr/local/sbin:/usr/local/bin:/usr/sbin:/usr/bin:/sbin:/bin:/usr/games:/usr/local/games:/snap/bin:/opt/spark/bin:/opt/spark/sbin:/opt/spark/bin:/opt/spark/sbin

Yarn version: 
  1.22.19

Node version: 
  12.22.12

Platform: 
  linux x64

Trace: 
  Error: unable to verify the first certificate
      at TLSSocket.onConnectSecure (_tls_wrap.js:1502:34)
      at TLSSocket.emit (events.js:314:20)
      at TLSSocket._finishInit (_tls_wrap.js:937:8)
      at TLSWrap.ssl.onhandshakedone (_tls_wrap.js:711:12)

npm manifest: 
  {
    "name": "electron-updater-demo",
    "version": "0.8.2",
    "main": "main.js",
    "description": "A complete example showing how to use `electron-updater`",
    "author": "GuanWeihua",
    "homepage": "https://github.com/GuanWeihua/electron-updater-demo",
    "bugs": {
      "url": "https://github.com/GuanWeihua/electron-updater-demo/issues"
    },
    "repository": {
      "type": "git",
      "url": "https://github.com/GuanWeihua/electron-updater-demo.git"
    },
    "scripts": {
      "release": "electron-builder build -p never"
    },
    "devDependencies": {
      "electron": "^7.1.9",
      "electron-builder": "^22.2.0"
    },
    "dependencies": {
      "electron-log": "^4.0.3",
      "electron-updater": "^4.2.0"
    },
    "build": {
      "appId": "com.github.GuanWeihua.ElectronUpdaterDemo",
      "productName": "ElectronUpdaterDemo",
      "copyright": "Copyright © 2020 ${author}",
      "directories": {
        "output": "./app"
      },
      "files": [
        "!dist/**/*",
        "!.github/**/*",
        "!.vscode/**/*"
      ],
      "nsis": {
        "oneClick": false,
        "artifactName": "${productName}-x64-${version}.${ext}",
        "createDesktopShortcut": true,
        "createStartMenuShortcut": true,
        "allowToChangeInstallationDirectory": true
      },
      "win": {
        "icon": "./assets/icon.png",
        "target": [
          {
            "target": "nsis",
            "arch": [
              "x64"
            ]
          }
        ]
      },
      "publish": [
        {
          "owner": "GuanWeihua",
          "repo": "electron-updater-demo",
          "provider": "github",
          "releaseType": "release"
        }
      ]
    }
  }

yarn manifest: 
  No manifest

Lockfile: 
  No lockfile
